[debug] [2024-02-20T14:19:10.070Z] ----------------------------------------------------------------------
[debug] [2024-02-20T14:19:10.072Z] Command:       C:\Program Files\nodejs\node.exe C:\Users\yhara\AppData\Roaming\npm\node_modules\firebase-tools\lib\bin\firebase.js login
[debug] [2024-02-20T14:19:10.072Z] CLI Version:   13.3.0
[debug] [2024-02-20T14:19:10.073Z] Platform:      win32
[debug] [2024-02-20T14:19:10.073Z] Node Version:  v21.6.1
[debug] [2024-02-20T14:19:10.073Z] Time:          Tue Feb 20 2024 23:19:10 GMT+0900 (GMT+09:00)
[debug] [2024-02-20T14:19:10.073Z] ----------------------------------------------------------------------
[debug] 
[info] i  Firebase optionally collects CLI and Emulator Suite usage and error reporting information to help improve our products. Data is collected in accordance with Google's privacy policy (https://policies.google.com/privacy) and is not used to identify you.
 
[info] i  To change your data collection preference at any time, run `firebase logout` and log in again. 
[info] 
[info] Visit this URL on this device to log in:
[info] https://accounts.google.com/o/oauth2/auth?client_id=563584335869-fgrhgmd47bqnekij5i8b5pr03ho849e6.apps.googleusercontent.com&scope=email%20openid%20https%3A%2F%2Fwww.googleapis.com%2Fauth%2Fcloudplatformprojects.readonly%20https%3A%2F%2Fwww.googleapis.com%2Fauth%2Ffirebase%20https%3A%2F%2Fwww.googleapis.com%2Fauth%2Fcloud-platform&response_type=code&state=102714288&redirect_uri=http%3A%2F%2Flocalhost%3A9005
[info] 
[info] Waiting for authentication...
[debug] [2024-02-20T14:19:16.939Z] Error: spawn cmd ENOENT
    at ChildProcess._handle.onexit (node:internal/child_process:286:19)
    at onErrorNT (node:internal/child_process:484:16)
    at process.processTicksAndRejections (node:internal/process/task_queues:82:21)
[error] 
[error] Error: An unexpected error has occurred.
